[INFO ] 01-12-2023 15:39:47 [main] log - Open Contact Us page
[INFO ] 01-12-2023 15:39:48 [main] log - Verify Contact Us page displayed
[INFO ] 01-12-2023 15:39:48 [main] log - close browser
[INFO ] 05-12-2023 14:29:34 [main] log - Open Contact Us page
[INFO ] 05-12-2023 14:29:35 [main] log - Verify Contact Us page is displayed
[INFO ] 05-12-2023 14:29:35 [main] log - Open Our Solution page
[INFO ] 05-12-2023 14:29:35 [main] log - Choose desired team
[INFO ] 05-12-2023 14:29:35 [main] log - Choose team members
[INFO ] 05-12-2023 14:29:37 [main] log - close browser
[INFO ] 05-12-2023 14:33:51 [main] log - Open Contact Us page
[INFO ] 05-12-2023 14:33:51 [main] log - Verify Contact Us page is displayed
[INFO ] 05-12-2023 14:33:51 [main] log - Open Our Solution page
[INFO ] 05-12-2023 14:33:51 [main] log - Choose desired team
[INFO ] 05-12-2023 14:33:51 [main] log - Choose team members
[INFO ] 05-12-2023 14:33:56 [main] log - Input Project Overview
[INFO ] 05-12-2023 14:33:56 [main] log - Project languages
[INFO ] 05-12-2023 14:33:56 [main] log - Select Start Date & Time Frame
[INFO ] 05-12-2023 14:36:44 [main] log - Open Contact Us page
[INFO ] 05-12-2023 14:36:45 [main] log - Verify Contact Us page is displayed
[INFO ] 05-12-2023 14:36:45 [main] log - Open Our Solution page
[INFO ] 05-12-2023 14:36:45 [main] log - Choose desired team
[INFO ] 05-12-2023 14:36:45 [main] log - Choose team members
[INFO ] 05-12-2023 14:36:50 [main] log - Input Project Overview
[INFO ] 05-12-2023 14:36:50 [main] log - Project languages
[INFO ] 05-12-2023 14:36:50 [main] log - Select Start Date & Time Frame
[INFO ] 05-12-2023 14:36:51 [main] log - Input customer info
[INFO ] 05-12-2023 14:39:33 [main] log - Open Contact Us page
[INFO ] 05-12-2023 14:39:33 [main] log - Verify Contact Us page is displayed
[INFO ] 05-12-2023 14:39:33 [main] log - Open Our Solution page
[INFO ] 05-12-2023 14:39:33 [main] log - Choose desired team
[INFO ] 05-12-2023 14:39:33 [main] log - Choose team members
[INFO ] 05-12-2023 14:39:38 [main] log - Input Project Overview
[INFO ] 05-12-2023 14:39:38 [main] log - Project languages
[INFO ] 05-12-2023 14:39:38 [main] log - Select Start Date & Time Frame
[INFO ] 05-12-2023 14:39:39 [main] log - Input customer info
[INFO ] 05-12-2023 14:45:02 [main] log - Open Contact Us page
[INFO ] 05-12-2023 14:45:02 [main] log - Verify Contact Us page is displayed
[INFO ] 05-12-2023 14:45:02 [main] log - Open Our Solution page
[INFO ] 05-12-2023 14:45:02 [main] log - Choose desired team
[INFO ] 05-12-2023 14:45:03 [main] log - Choose team members
[INFO ] 05-12-2023 14:45:07 [main] log - Input Project Overview
[INFO ] 05-12-2023 14:45:08 [main] log - Project languages
[INFO ] 05-12-2023 14:45:08 [main] log - Select Start Date & Time Frame
[INFO ] 05-12-2023 14:45:09 [main] log - Input customer info
[INFO ] 05-12-2023 14:49:55 [main] log - Open Contact Us page
[INFO ] 05-12-2023 14:49:56 [main] log - Verify Contact Us page is displayed
[INFO ] 05-12-2023 14:49:56 [main] log - Open Our Solution page
[INFO ] 05-12-2023 14:49:56 [main] log - Choose desired team
[INFO ] 05-12-2023 14:49:56 [main] log - Choose team members
[INFO ] 05-12-2023 14:50:01 [main] log - Input Project Overview
[INFO ] 05-12-2023 14:50:01 [main] log - Project languages
[INFO ] 05-12-2023 14:50:01 [main] log - Select Start Date & Time Frame
[INFO ] 05-12-2023 14:50:02 [main] log - Input customer info
[INFO ] 05-12-2023 14:56:25 [main] log - Open Contact Us page
[INFO ] 05-12-2023 14:56:25 [main] log - Verify Contact Us page is displayed
[INFO ] 05-12-2023 14:56:25 [main] log - Open Our Solution page
[INFO ] 05-12-2023 14:56:25 [main] log - Choose desired team
[INFO ] 05-12-2023 14:56:26 [main] log - Choose team members
[INFO ] 05-12-2023 14:56:30 [main] log - Input Project Overview
[INFO ] 05-12-2023 14:56:31 [main] log - Project languages
[INFO ] 05-12-2023 14:56:31 [main] log - Select Start Date & Time Frame
[INFO ] 05-12-2023 14:56:32 [main] log - Input customer info
[INFO ] 05-12-2023 15:06:08 [main] log - Open Contact Us page
[INFO ] 05-12-2023 15:06:09 [main] log - Verify Contact Us page is displayed
[INFO ] 05-12-2023 15:06:09 [main] log - Open Our Solution page
[INFO ] 05-12-2023 15:06:09 [main] log - Choose desired team
[INFO ] 05-12-2023 15:06:09 [main] log - Choose team members
[INFO ] 05-12-2023 15:06:14 [main] log - Input Project Overview
[INFO ] 05-12-2023 15:06:14 [main] log - Project languages
[INFO ] 05-12-2023 15:06:14 [main] log - Select Start Date & Time Frame
[INFO ] 05-12-2023 15:06:15 [main] log - Input customer info
